{"message":"Something failedolol","stack":"Error: Something failedolol\n    at Object.<anonymous> (E:\\NDJS\\NDJSp11\\API1\\index.js:24:7)\n    at Module._compile (internal/modules/cjs/loader.js:654:30)\n    at Object.Module._extensions..js (internal/modules/cjs/loader.js:665:10)\n    at Module.load (internal/modules/cjs/loader.js:566:32)\n    at tryModuleLoad (internal/modules/cjs/loader.js:506:12)\n    at Function.Module._load (internal/modules/cjs/loader.js:498:3)\n    at Function.Module.runMain (internal/modules/cjs/loader.js:695:10)\n    at startup (internal/bootstrap/node.js:201:19)\n    at bootstrapNodeJSCore (internal/bootstrap/node.js:516:3)","level":"error","timestamp":"2018-08-15T09:31:07.449Z"}
{"message":"Something failed miserably","stack":"Error: Something failed miserably\n    at Object.<anonymous> (E:\\NDJS\\NDJSp11\\API1\\index.js:29:24)\n    at Module._compile (internal/modules/cjs/loader.js:654:30)\n    at Object.Module._extensions..js (internal/modules/cjs/loader.js:665:10)\n    at Module.load (internal/modules/cjs/loader.js:566:32)\n    at tryModuleLoad (internal/modules/cjs/loader.js:506:12)\n    at Function.Module._load (internal/modules/cjs/loader.js:498:3)\n    at Function.Module.runMain (internal/modules/cjs/loader.js:695:10)\n    at startup (internal/bootstrap/node.js:201:19)\n    at bootstrapNodeJSCore (internal/bootstrap/node.js:516:3)","level":"error","timestamp":"2018-08-15T09:36:54.621Z"}
{"level":"info","message":"Connected to MongoDB...","timestamp":"2018-08-15T10:13:17.173Z"}
{"level":"info","message":"Connected to MongoDB...","timestamp":"2018-08-15T10:14:22.788Z"}
{"level":"info","message":"Connected to MongoDB...","timestamp":"2018-08-15T10:14:34.892Z"}
{"level":"info","message":"Connected to MongoDB...","timestamp":"2018-08-15T10:15:08.573Z"}
{"level":"info","message":"Listening on port 3000...","timestamp":"2018-08-19T07:23:02.102Z"}
{"level":"info","message":"Listening on port 3000...","timestamp":"2018-08-19T07:24:26.785Z"}
{"level":"info","message":"Connected to mongodb://localhost:27017/vidly...","timestamp":"2018-08-19T07:24:27.889Z"}
{"level":"info","message":"Listening on port 3000...","timestamp":"2018-08-19T07:25:28.784Z"}
{"level":"info","message":"Connected to mongodb://localhost:27017/vidly...","timestamp":"2018-08-19T07:25:29.835Z"}
{"level":"info","message":"Listening on port 3000...","timestamp":"2018-08-19T07:26:16.806Z"}
{"level":"info","message":"Connected to mongodb://localhost:27017/vidly...","timestamp":"2018-08-19T07:26:17.848Z"}
{"level":"info","message":"Listening on port 3000...","timestamp":"2018-08-19T07:27:10.498Z"}
{"level":"info","message":"Connected to mongodb://localhost:27017/vidly...","timestamp":"2018-08-19T07:27:11.548Z"}
{"level":"info","message":"Listening on port 3000...","timestamp":"2018-08-19T07:28:36.529Z"}
{"level":"info","message":"Connected to mongodb://localhost:27017/vidly_tests...","timestamp":"2018-08-19T07:28:37.569Z"}
{"level":"info","message":"Listening on port 3000...","timestamp":"2018-08-19T07:36:12.145Z"}
{"level":"info","message":"Connected to mongodb://localhost:27017/vidly_tests...","timestamp":"2018-08-19T07:36:13.171Z"}
{"level":"info","message":"Listening on port 3000...","timestamp":"2018-08-19T07:37:08.591Z"}
{"level":"info","message":"Listening on port 3000...","timestamp":"2018-08-19T07:37:49.194Z"}
{"level":"info","message":"Listening on port 3000...","timestamp":"2018-08-19T07:38:12.140Z"}
{"level":"info","message":"Listening on port 3000...","timestamp":"2018-08-19T07:38:30.690Z"}
{"level":"info","message":"Listening on port 3000...","timestamp":"2018-08-19T07:39:40.031Z"}
{"level":"info","message":"Listening on port 3000...","timestamp":"2018-08-19T07:40:45.266Z"}
{"level":"info","message":"Connected to mongodb://localhost:27017/vidly_tests...","timestamp":"2018-08-19T07:40:46.325Z"}
{"level":"info","message":"Listening on port 3000...","timestamp":"2018-08-19T07:41:33.644Z"}
{"level":"info","message":"Connected to mongodb://localhost:27017/vidly_tests...","timestamp":"2018-08-19T07:41:34.676Z"}
{"level":"info","message":"Listening on port 3000...","timestamp":"2018-08-19T07:43:16.507Z"}
{"level":"info","message":"Connected to mongodb://localhost:27017/vidly_tests...","timestamp":"2018-08-19T07:43:17.540Z"}
{"level":"info","message":"Listening on port 3000...","timestamp":"2018-08-19T07:43:34.568Z"}
{"level":"info","message":"Connected to mongodb://localhost:27017/vidly_tests...","timestamp":"2018-08-19T07:43:35.599Z"}
{"level":"info","message":"Listening on port 3000...","timestamp":"2018-08-19T07:44:04.575Z"}
{"level":"info","message":"Connected to mongodb://localhost:27017/vidly_tests...","timestamp":"2018-08-19T07:44:05.616Z"}
{"level":"info","message":"Listening on port 3000...","timestamp":"2018-08-19T07:46:27.044Z"}
{"level":"info","message":"Connected to mongodb://localhost:27017/vidly_tests...","timestamp":"2018-08-19T07:46:28.072Z"}
{"level":"info","message":"Listening on port 3000...","timestamp":"2018-08-19T07:46:47.393Z"}
{"level":"info","message":"Connected to mongodb://localhost:27017/vidly_tests...","timestamp":"2018-08-19T07:46:48.427Z"}
{"level":"info","message":"Listening on port 3000...","timestamp":"2018-08-19T07:46:57.864Z"}
{"level":"info","message":"Connected to mongodb://localhost:27017/vidly_tests...","timestamp":"2018-08-19T07:46:58.895Z"}
{"level":"info","message":"Listening on port 3000...","timestamp":"2018-08-19T07:47:31.570Z"}
{"level":"info","message":"Connected to mongodb://localhost:27017/vidly_tests...","timestamp":"2018-08-19T07:47:32.604Z"}
{"level":"info","message":"Listening on port 3000...","timestamp":"2018-08-19T07:53:47.796Z"}
{"level":"info","message":"Connected to mongodb://localhost:27017/vidly_tests...","timestamp":"2018-08-19T07:53:48.843Z"}
{"level":"info","message":"Listening on port 3000...","timestamp":"2018-08-19T07:56:14.774Z"}
{"level":"info","message":"Connected to mongodb://localhost:27017/vidly_tests...","timestamp":"2018-08-19T07:56:15.800Z"}
{"level":"info","message":"Listening on port 3000...","timestamp":"2018-08-19T07:56:38.521Z"}
{"level":"info","message":"Connected to mongodb://localhost:27017/vidly_tests...","timestamp":"2018-08-19T07:56:39.560Z"}
{"level":"info","message":"Listening on port 3000...","timestamp":"2018-08-19T07:57:11.142Z"}
{"level":"info","message":"Connected to mongodb://localhost:27017/vidly_tests...","timestamp":"2018-08-19T07:57:12.175Z"}
{"level":"info","message":"Listening on port 3000...","timestamp":"2018-08-19T07:57:29.571Z"}
{"level":"info","message":"Connected to mongodb://localhost:27017/vidly_tests...","timestamp":"2018-08-19T07:57:30.642Z"}
{"level":"info","message":"Listening on port 3000...","timestamp":"2018-08-19T07:58:47.729Z"}
{"level":"info","message":"Connected to mongodb://localhost:27017/vidly_tests...","timestamp":"2018-08-19T07:58:48.762Z"}
{"level":"info","message":"Listening on port 3000...","timestamp":"2018-08-19T07:59:16.572Z"}
{"level":"info","message":"Connected to mongodb://localhost:27017/vidly_tests...","timestamp":"2018-08-19T07:59:17.619Z"}
{"level":"info","message":"Listening on port 3000...","timestamp":"2018-08-19T07:59:44.050Z"}
{"level":"info","message":"Connected to mongodb://localhost:27017/vidly_tests...","timestamp":"2018-08-19T07:59:45.089Z"}
{"level":"info","message":"Listening on port 3000...","timestamp":"2018-08-19T08:00:26.955Z"}
{"level":"info","message":"Connected to mongodb://localhost:27017/vidly_tests...","timestamp":"2018-08-19T08:00:28.019Z"}
{"level":"info","message":"Listening on port 3000...","timestamp":"2018-08-19T08:01:05.902Z"}
{"level":"info","message":"Connected to mongodb://localhost:27017/vidly_tests...","timestamp":"2018-08-19T08:01:06.942Z"}
{"level":"info","message":"Listening on port 3000...","timestamp":"2018-08-19T08:05:39.859Z"}
{"level":"info","message":"Connected to mongodb://localhost:27017/vidly_tests...","timestamp":"2018-08-19T08:05:40.983Z"}
{"level":"info","message":"Listening on port 3000...","timestamp":"2018-08-19T08:06:50.298Z"}
{"level":"info","message":"Connected to mongodb://localhost:27017/vidly_tests...","timestamp":"2018-08-19T08:06:51.327Z"}
{"level":"info","message":"Listening on port 3000...","timestamp":"2018-08-19T08:07:38.709Z"}
{"level":"info","message":"Connected to mongodb://localhost:27017/vidly_tests...","timestamp":"2018-08-19T08:07:39.746Z"}
{"level":"info","message":"Listening on port 3000...","timestamp":"2018-08-19T08:07:55.106Z"}
{"level":"info","message":"Connected to mongodb://localhost:27017/vidly_tests...","timestamp":"2018-08-19T08:07:56.146Z"}
{"level":"info","message":"Listening on port 3000...","timestamp":"2018-08-19T08:08:14.314Z"}
{"level":"info","message":"Connected to mongodb://localhost:27017/vidly_tests...","timestamp":"2018-08-19T08:08:15.369Z"}
{"level":"info","message":"Listening on port 3000...","timestamp":"2018-08-19T08:09:25.731Z"}
{"level":"info","message":"Connected to mongodb://localhost:27017/vidly_tests...","timestamp":"2018-08-19T08:09:26.882Z"}
{"level":"info","message":"Listening on port 3000...","timestamp":"2018-08-19T08:12:55.248Z"}
{"level":"info","message":"Connected to mongodb://localhost:27017/vidly_tests...","timestamp":"2018-08-19T08:12:56.275Z"}
{"level":"info","message":"Listening on port 3000...","timestamp":"2018-08-19T08:13:13.792Z"}
{"level":"info","message":"Connected to mongodb://localhost:27017/vidly_tests...","timestamp":"2018-08-19T08:13:14.844Z"}
{"level":"info","message":"Listening on port 3000...","timestamp":"2018-08-19T08:13:47.573Z"}
{"level":"info","message":"Connected to mongodb://localhost:27017/vidly_tests...","timestamp":"2018-08-19T08:13:48.610Z"}
{"level":"info","message":"Listening on port 3000...","timestamp":"2018-08-19T08:14:43.930Z"}
{"level":"info","message":"Connected to mongodb://localhost:27017/vidly_tests...","timestamp":"2018-08-19T08:14:45.005Z"}
{"level":"info","message":"Listening on port 3000...","timestamp":"2018-08-19T08:15:20.415Z"}
{"level":"info","message":"Connected to mongodb://localhost:27017/vidly_tests...","timestamp":"2018-08-19T08:15:21.448Z"}
{"level":"info","message":"Listening on port 3000...","timestamp":"2018-08-19T08:16:00.628Z"}
{"level":"info","message":"Connected to mongodb://localhost:27017/vidly_tests...","timestamp":"2018-08-19T08:16:01.666Z"}
{"level":"info","message":"Listening on port 3000...","timestamp":"2018-08-19T08:16:37.851Z"}
{"level":"info","message":"Connected to mongodb://localhost:27017/vidly_tests...","timestamp":"2018-08-19T08:16:38.883Z"}
{"level":"info","message":"Listening on port 3000...","timestamp":"2018-08-19T08:17:06.973Z"}
{"level":"info","message":"Connected to mongodb://localhost:27017/vidly_tests...","timestamp":"2018-08-19T08:17:08.016Z"}
{"level":"info","message":"Listening on port 3000...","timestamp":"2018-08-19T08:17:43.774Z"}
{"level":"info","message":"Connected to mongodb://localhost:27017/vidly_tests...","timestamp":"2018-08-19T08:17:44.808Z"}
{"level":"info","message":"Listening on port 3000...","timestamp":"2018-08-19T08:18:09.981Z"}
{"level":"info","message":"Connected to mongodb://localhost:27017/vidly_tests...","timestamp":"2018-08-19T08:18:11.014Z"}
{"level":"info","message":"Listening on port 3000...","timestamp":"2018-08-19T08:18:52.659Z"}
{"level":"info","message":"Connected to mongodb://localhost:27017/vidly_tests...","timestamp":"2018-08-19T08:18:53.695Z"}
{"level":"info","message":"Listening on port 3000...","timestamp":"2018-08-19T08:19:14.089Z"}
{"level":"info","message":"Connected to mongodb://localhost:27017/vidly_tests...","timestamp":"2018-08-19T08:19:15.121Z"}
{"level":"info","message":"Listening on port 3000...","timestamp":"2018-08-19T08:21:46.295Z"}
{"level":"info","message":"Connected to mongodb://localhost:27017/vidly_tests...","timestamp":"2018-08-19T08:21:47.330Z"}
{"level":"info","message":"Listening on port 3000...","timestamp":"2018-08-19T08:22:03.814Z"}
{"level":"info","message":"Connected to mongodb://localhost:27017/vidly_tests...","timestamp":"2018-08-19T08:22:04.839Z"}
{"level":"info","message":"Listening on port 3000...","timestamp":"2018-08-19T08:22:51.365Z"}
{"level":"info","message":"Connected to mongodb://localhost:27017/vidly_tests...","timestamp":"2018-08-19T08:22:52.386Z"}
{"level":"info","message":"Listening on port 3000...","timestamp":"2018-08-19T08:24:51.469Z"}
{"level":"info","message":"Connected to mongodb://localhost:27017/vidly_tests...","timestamp":"2018-08-19T08:24:52.493Z"}
{"level":"info","message":"Listening on port 3000...","timestamp":"2018-08-19T08:32:11.190Z"}
{"level":"info","message":"Connected to mongodb://localhost:27017/vidly_tests...","timestamp":"2018-08-19T08:32:12.210Z"}
{"level":"info","message":"Listening on port 3000...","timestamp":"2018-08-19T08:32:41.223Z"}
{"level":"info","message":"Connected to mongodb://localhost:27017/vidly_tests...","timestamp":"2018-08-19T08:32:42.248Z"}
{"level":"info","message":"Listening on port 3000...","timestamp":"2018-08-19T08:32:54.306Z"}
{"level":"info","message":"Connected to mongodb://localhost:27017/vidly_tests...","timestamp":"2018-08-19T08:32:55.330Z"}
{"level":"info","message":"Listening on port 3000...","timestamp":"2018-08-19T08:36:18.625Z"}
{"level":"info","message":"Connected to mongodb://localhost:27017/vidly_tests...","timestamp":"2018-08-19T08:36:19.655Z"}
{"level":"info","message":"Listening on port 3000...","timestamp":"2018-08-19T08:37:09.238Z"}
{"level":"info","message":"Connected to mongodb://localhost:27017/vidly_tests...","timestamp":"2018-08-19T08:37:10.270Z"}
{"level":"info","message":"Listening on port 3000...","timestamp":"2018-08-19T08:37:45.992Z"}
{"level":"info","message":"Connected to mongodb://localhost:27017/vidly_tests...","timestamp":"2018-08-19T08:37:47.029Z"}
{"level":"info","message":"Listening on port 3000...","timestamp":"2018-08-19T08:38:15.000Z"}
{"level":"info","message":"Connected to mongodb://localhost:27017/vidly_tests...","timestamp":"2018-08-19T08:38:16.032Z"}
{"level":"info","message":"Listening on port 3000...","timestamp":"2018-08-19T08:38:54.615Z"}
{"level":"info","message":"Connected to mongodb://localhost:27017/vidly_tests...","timestamp":"2018-08-19T08:38:55.642Z"}
{"level":"info","message":"Listening on port 3000...","timestamp":"2018-08-19T08:39:30.410Z"}
{"level":"info","message":"Connected to mongodb://localhost:27017/vidly_tests...","timestamp":"2018-08-19T08:39:31.466Z"}
{"level":"info","message":"Listening on port 3000...","timestamp":"2018-08-19T08:39:46.407Z"}
{"level":"info","message":"Connected to mongodb://localhost:27017/vidly_tests...","timestamp":"2018-08-19T08:39:47.445Z"}
{"level":"info","message":"Listening on port 3000...","timestamp":"2018-08-19T08:40:45.641Z"}
{"level":"info","message":"Connected to mongodb://localhost:27017/vidly_tests...","timestamp":"2018-08-19T08:40:46.668Z"}
{"level":"info","message":"Listening on port 3000...","timestamp":"2018-08-19T08:41:18.245Z"}
{"level":"info","message":"Connected to mongodb://localhost:27017/vidly_tests...","timestamp":"2018-08-19T08:41:19.277Z"}
{"level":"info","message":"Listening on port 3000...","timestamp":"2018-08-19T08:44:38.552Z"}
{"level":"info","message":"Connected to mongodb://localhost:27017/vidly_tests...","timestamp":"2018-08-19T08:44:39.592Z"}
{"level":"info","message":"Listening on port 3000...","timestamp":"2018-08-19T08:44:45.793Z"}
{"level":"info","message":"Connected to mongodb://localhost:27017/vidly_tests...","timestamp":"2018-08-19T08:44:46.819Z"}
{"level":"info","message":"Listening on port 3000...","timestamp":"2018-08-19T08:44:59.279Z"}
{"level":"info","message":"Connected to mongodb://localhost:27017/vidly_tests...","timestamp":"2018-08-19T08:45:00.313Z"}
{"level":"info","message":"Listening on port 3000...","timestamp":"2018-08-19T08:45:28.039Z"}
{"level":"info","message":"Connected to mongodb://localhost:27017/vidly_tests...","timestamp":"2018-08-19T08:45:29.072Z"}
{"level":"info","message":"Listening on port 3000...","timestamp":"2018-08-19T08:46:46.340Z"}
{"level":"info","message":"Connected to mongodb://localhost:27017/vidly_tests...","timestamp":"2018-08-19T08:46:47.372Z"}
{"level":"info","message":"Listening on port 3000...","timestamp":"2018-08-19T09:06:46.618Z"}
{"level":"info","message":"Connected to mongodb://localhost:27017/vidly_tests...","timestamp":"2018-08-19T09:06:47.656Z"}
{"level":"info","message":"Listening on port 3000...","timestamp":"2018-08-19T09:06:59.137Z"}
{"level":"info","message":"Connected to mongodb://localhost:27017/vidly_tests...","timestamp":"2018-08-19T09:07:00.183Z"}
{"level":"info","message":"Listening on port 3000...","timestamp":"2018-08-19T09:07:33.875Z"}
{"level":"info","message":"Connected to mongodb://localhost:27017/vidly_tests...","timestamp":"2018-08-19T09:07:34.925Z"}
{"level":"info","message":"Listening on port 3000...","timestamp":"2018-08-19T09:09:38.389Z"}
{"level":"info","message":"Connected to mongodb://localhost:27017/vidly_tests...","timestamp":"2018-08-19T09:09:39.425Z"}
{"level":"info","message":"Listening on port 3000...","timestamp":"2018-08-19T09:09:53.637Z"}
{"level":"info","message":"Connected to mongodb://localhost:27017/vidly_tests...","timestamp":"2018-08-19T09:09:54.677Z"}
{"level":"info","message":"Listening on port 3000...","timestamp":"2018-08-19T09:12:44.778Z"}
{"level":"info","message":"Connected to mongodb://localhost:27017/vidly_tests...","timestamp":"2018-08-19T09:12:45.807Z"}
{"level":"info","message":"Listening on port 3000...","timestamp":"2018-08-19T09:12:58.845Z"}
{"level":"info","message":"Connected to mongodb://localhost:27017/vidly_tests...","timestamp":"2018-08-19T09:12:59.877Z"}
{"level":"info","message":"Listening on port 3000...","timestamp":"2018-08-19T09:14:23.460Z"}
{"level":"info","message":"Connected to mongodb://localhost:27017/vidly_tests...","timestamp":"2018-08-19T09:14:24.486Z"}
{"level":"info","message":"Listening on port 3000...","timestamp":"2018-08-19T09:14:30.855Z"}
{"level":"info","message":"Connected to mongodb://localhost:27017/vidly_tests...","timestamp":"2018-08-19T09:14:31.880Z"}
{"level":"info","message":"Listening on port 3000...","timestamp":"2018-08-19T09:15:47.228Z"}
{"level":"info","message":"Connected to mongodb://localhost:27017/vidly_tests...","timestamp":"2018-08-19T09:15:48.260Z"}
{"level":"info","message":"Listening on port 3000...","timestamp":"2018-08-19T09:19:02.667Z"}
{"level":"info","message":"Connected to mongodb://localhost:27017/vidly_tests...","timestamp":"2018-08-19T09:19:03.697Z"}
{"level":"info","message":"Listening on port 3000...","timestamp":"2018-08-19T09:20:55.635Z"}
{"level":"info","message":"Connected to mongodb://localhost:27017/vidly_tests...","timestamp":"2018-08-19T09:20:56.663Z"}
{"level":"info","message":"Listening on port 3000...","timestamp":"2018-08-19T09:22:48.900Z"}
{"level":"info","message":"Connected to mongodb://localhost:27017/vidly_tests...","timestamp":"2018-08-19T09:22:49.926Z"}
{"level":"info","message":"Listening on port 3000...","timestamp":"2018-08-19T09:23:40.071Z"}
{"level":"info","message":"Connected to mongodb://localhost:27017/vidly_tests...","timestamp":"2018-08-19T09:23:41.110Z"}
{"level":"info","message":"Listening on port 3000...","timestamp":"2018-08-19T09:50:50.340Z"}
{"level":"info","message":"Connected to mongodb://localhost:27017/vidly_tests...","timestamp":"2018-08-19T09:50:51.372Z"}
{"level":"info","message":"Listening on port 3000...","timestamp":"2018-08-19T09:51:32.371Z"}
{"level":"info","message":"Connected to mongodb://localhost:27017/vidly_tests...","timestamp":"2018-08-19T09:51:33.397Z"}
{"level":"info","message":"Listening on port 3000...","timestamp":"2018-08-19T09:51:54.753Z"}
{"level":"info","message":"Connected to mongodb://localhost:27017/vidly_tests...","timestamp":"2018-08-19T09:51:55.779Z"}
{"level":"info","message":"Listening on port 3000...","timestamp":"2018-08-19T09:52:26.921Z"}
{"level":"info","message":"Connected to mongodb://localhost:27017/vidly_tests...","timestamp":"2018-08-19T09:52:27.958Z"}
{"level":"info","message":"Listening on port 3000...","timestamp":"2018-08-19T09:52:49.739Z"}
{"level":"info","message":"Connected to mongodb://localhost:27017/vidly_tests...","timestamp":"2018-08-19T09:52:50.779Z"}
{"level":"info","message":"Listening on port 3000...","timestamp":"2018-08-19T09:53:23.328Z"}
{"level":"info","message":"Connected to mongodb://localhost:27017/vidly_tests...","timestamp":"2018-08-19T09:53:24.362Z"}
{"level":"info","message":"Listening on port 3000...","timestamp":"2018-08-19T09:58:35.589Z"}
{"level":"info","message":"Listening on port 3000...","timestamp":"2018-08-19T09:58:35.947Z"}
{"level":"info","message":"Connected to mongodb://localhost:27017/vidly_tests...","timestamp":"2018-08-19T09:58:36.614Z"}
{"level":"info","message":"Connected to mongodb://localhost:27017/vidly_tests...","timestamp":"2018-08-19T09:58:36.984Z"}
{"level":"info","message":"Listening on port 3000...","timestamp":"2018-08-19T09:59:38.963Z"}
{"level":"info","message":"Listening on port 3000...","timestamp":"2018-08-19T09:59:39.483Z"}
{"level":"info","message":"Connected to mongodb://localhost:27017/vidly_tests...","timestamp":"2018-08-19T09:59:39.995Z"}
{"level":"info","message":"Connected to mongodb://localhost:27017/vidly_tests...","timestamp":"2018-08-19T09:59:40.531Z"}
{"level":"info","message":"Listening on port 3000...","timestamp":"2018-08-19T10:01:16.693Z"}
{"level":"info","message":"Listening on port 3000...","timestamp":"2018-08-19T10:01:17.184Z"}
{"level":"info","message":"Connected to mongodb://localhost:27017/vidly_tests...","timestamp":"2018-08-19T10:01:17.728Z"}
{"level":"info","message":"Connected to mongodb://localhost:27017/vidly_tests...","timestamp":"2018-08-19T10:01:18.232Z"}
{"level":"info","message":"Listening on port 3000...","timestamp":"2018-08-19T10:01:36.710Z"}
{"level":"info","message":"Listening on port 3000...","timestamp":"2018-08-19T10:01:36.845Z"}
{"level":"info","message":"Connected to mongodb://localhost:27017/vidly_tests...","timestamp":"2018-08-19T10:01:37.826Z"}
{"level":"info","message":"Connected to mongodb://localhost:27017/vidly_tests...","timestamp":"2018-08-19T10:01:37.905Z"}
{"level":"info","message":"Listening on port 3000...","timestamp":"2018-08-19T10:01:50.738Z"}
{"level":"info","message":"Listening on port 3000...","timestamp":"2018-08-19T10:01:51.258Z"}
{"level":"info","message":"Connected to mongodb://localhost:27017/vidly_tests...","timestamp":"2018-08-19T10:01:51.776Z"}
{"level":"info","message":"Connected to mongodb://localhost:27017/vidly_tests...","timestamp":"2018-08-19T10:01:52.306Z"}
{"level":"info","message":"Listening on port 3000...","timestamp":"2018-08-19T10:03:27.431Z"}
{"level":"info","message":"Listening on port 3000...","timestamp":"2018-08-19T10:03:27.995Z"}
{"level":"info","message":"Connected to mongodb://localhost:27017/vidly_tests...","timestamp":"2018-08-19T10:03:28.469Z"}
{"level":"info","message":"Connected to mongodb://localhost:27017/vidly_tests...","timestamp":"2018-08-19T10:03:29.047Z"}
{"level":"info","message":"Listening on port 3000...","timestamp":"2018-08-19T10:03:56.139Z"}
{"level":"info","message":"Listening on port 3000...","timestamp":"2018-08-19T10:03:56.763Z"}
{"level":"info","message":"Connected to mongodb://localhost:27017/vidly_tests...","timestamp":"2018-08-19T10:03:57.176Z"}
{"level":"info","message":"Connected to mongodb://localhost:27017/vidly_tests...","timestamp":"2018-08-19T10:03:57.814Z"}
{"level":"info","message":"Listening on port 3000...","timestamp":"2018-08-19T10:06:11.913Z"}
{"level":"info","message":"Listening on port 3000...","timestamp":"2018-08-19T10:06:11.972Z"}
{"level":"info","message":"Listening on port 3000...","timestamp":"2018-08-19T10:07:07.434Z"}
{"level":"info","message":"Listening on port 3000...","timestamp":"2018-08-19T10:07:59.777Z"}
{"level":"info","message":"Listening on port 3000...","timestamp":"2018-08-19T10:08:00.262Z"}
{"level":"info","message":"Listening on port 3000...","timestamp":"2018-08-19T10:09:59.461Z"}
{"level":"info","message":"Listening on port 3000...","timestamp":"2018-08-19T10:09:59.940Z"}
{"level":"info","message":"Listening on port 3000...","timestamp":"2018-08-19T10:10:21.765Z"}
{"level":"info","message":"Listening on port 3000...","timestamp":"2018-08-19T10:10:22.167Z"}
{"level":"info","message":"Listening on port 3000...","timestamp":"2018-08-19T10:11:22.924Z"}
{"level":"info","message":"Listening on port 3000...","timestamp":"2018-08-19T10:11:23.585Z"}
{"level":"info","message":"Listening on port 3000...","timestamp":"2018-08-19T10:12:37.853Z"}
{"level":"info","message":"Listening on port 3000...","timestamp":"2018-08-19T10:12:57.718Z"}
{"level":"info","message":"Listening on port 3000...","timestamp":"2018-08-19T10:12:58.158Z"}
{"level":"info","message":"Listening on port 3000...","timestamp":"2018-08-19T10:14:03.611Z"}
{"level":"info","message":"Listening on port 3000...","timestamp":"2018-08-19T10:14:03.589Z"}
{"level":"info","message":"Listening on port 3000...","timestamp":"2018-08-19T10:15:25.318Z"}
{"level":"info","message":"Listening on port 3000...","timestamp":"2018-08-19T10:15:25.334Z"}
{"level":"info","message":"Connected to mongodb://localhost:27017/vidly_tests...","timestamp":"2018-08-19T10:15:26.363Z"}
{"level":"info","message":"Connected to mongodb://localhost:27017/vidly_tests...","timestamp":"2018-08-19T10:15:26.403Z"}
{"level":"info","message":"Listening on port 3000...","timestamp":"2018-08-19T10:16:28.896Z"}
{"level":"info","message":"Listening on port 3000...","timestamp":"2018-08-19T10:16:29.286Z"}
{"level":"info","message":"Connected to mongodb://localhost:27017/vidly_tests...","timestamp":"2018-08-19T10:16:29.923Z"}
{"level":"info","message":"Connected to mongodb://localhost:27017/vidly_tests...","timestamp":"2018-08-19T10:16:30.325Z"}
{"level":"info","message":"Listening on port 3000...","timestamp":"2018-08-19T10:17:17.635Z"}
{"level":"info","message":"Listening on port 3000...","timestamp":"2018-08-19T10:17:18.187Z"}
{"level":"info","message":"Connected to mongodb://localhost:27017/vidly_tests...","timestamp":"2018-08-19T10:17:18.668Z"}
{"level":"info","message":"Connected to mongodb://localhost:27017/vidly_tests...","timestamp":"2018-08-19T10:17:19.237Z"}
{"level":"info","message":"Listening on port 3000...","timestamp":"2018-08-19T10:18:00.431Z"}
{"level":"info","message":"Listening on port 3000...","timestamp":"2018-08-19T10:18:01.168Z"}
{"level":"info","message":"Connected to mongodb://localhost:27017/vidly_tests...","timestamp":"2018-08-19T10:18:01.470Z"}
{"level":"info","message":"Connected to mongodb://localhost:27017/vidly_tests...","timestamp":"2018-08-19T10:18:02.221Z"}
{"level":"info","message":"Listening on port 3000...","timestamp":"2018-08-19T10:19:40.604Z"}
{"level":"info","message":"Listening on port 3000...","timestamp":"2018-08-19T10:19:41.155Z"}
{"level":"info","message":"Connected to mongodb://localhost:27017/vidly_tests...","timestamp":"2018-08-19T10:19:41.639Z"}
{"level":"info","message":"Connected to mongodb://localhost:27017/vidly_tests...","timestamp":"2018-08-19T10:19:42.208Z"}
{"level":"info","message":"Listening on port 3000...","timestamp":"2018-08-19T10:20:17.559Z"}
{"level":"info","message":"Connected to mongodb://localhost:27017/vidly_tests...","timestamp":"2018-08-19T10:20:18.586Z"}
{"level":"info","message":"Listening on port 3000...","timestamp":"2018-08-19T10:20:42.340Z"}
{"level":"info","message":"Listening on port 3000...","timestamp":"2018-08-19T10:20:42.783Z"}
{"level":"info","message":"Connected to mongodb://localhost:27017/vidly_tests...","timestamp":"2018-08-19T10:20:43.366Z"}
{"level":"info","message":"Connected to mongodb://localhost:27017/vidly_tests...","timestamp":"2018-08-19T10:20:43.826Z"}
{"level":"info","message":"Listening on port 3000...","timestamp":"2018-08-19T10:22:31.381Z"}
{"level":"info","message":"Listening on port 3000...","timestamp":"2018-08-19T10:22:31.777Z"}
{"level":"info","message":"Connected to mongodb://localhost:27017/vidly_tests...","timestamp":"2018-08-19T10:22:32.410Z"}
{"level":"info","message":"Connected to mongodb://localhost:27017/vidly_tests...","timestamp":"2018-08-19T10:22:32.817Z"}
{"level":"info","message":"Listening on port 3000...","timestamp":"2018-08-19T10:23:10.559Z"}
{"level":"info","message":"Listening on port 3000...","timestamp":"2018-08-19T10:23:10.724Z"}
{"level":"info","message":"Connected to mongodb://localhost:27017/vidly_tests...","timestamp":"2018-08-19T10:23:11.821Z"}
{"level":"info","message":"Connected to mongodb://localhost:27017/vidly_tests...","timestamp":"2018-08-19T10:23:11.822Z"}
{"level":"info","message":"Listening on port 3000...","timestamp":"2018-08-19T10:24:38.783Z"}
{"level":"info","message":"Listening on port 3000...","timestamp":"2018-08-19T10:24:38.798Z"}
{"level":"info","message":"Connected to mongodb://localhost:27017/vidly_tests...","timestamp":"2018-08-19T10:24:39.806Z"}
{"level":"info","message":"Connected to mongodb://localhost:27017/vidly_tests...","timestamp":"2018-08-19T10:24:39.846Z"}
{"level":"info","message":"Listening on port 3000...","timestamp":"2018-08-19T10:27:15.634Z"}
{"level":"info","message":"Listening on port 3000...","timestamp":"2018-08-19T10:27:15.681Z"}
{"level":"info","message":"Connected to mongodb://localhost:27017/vidly_tests...","timestamp":"2018-08-19T10:27:16.665Z"}
{"level":"info","message":"Connected to mongodb://localhost:27017/vidly_tests...","timestamp":"2018-08-19T10:27:16.738Z"}
{"level":"info","message":"Listening on port 3000...","timestamp":"2018-08-19T10:27:57.942Z"}
{"level":"info","message":"Listening on port 3000...","timestamp":"2018-08-19T10:27:58.038Z"}
{"level":"info","message":"Connected to mongodb://localhost:27017/vidly_tests...","timestamp":"2018-08-19T10:27:59.068Z"}
{"level":"info","message":"Connected to mongodb://localhost:27017/vidly_tests...","timestamp":"2018-08-19T10:27:59.096Z"}
{"level":"info","message":"Listening on port 3000...","timestamp":"2018-08-19T10:28:33.262Z"}
{"level":"info","message":"Listening on port 3000...","timestamp":"2018-08-19T10:28:33.257Z"}
{"level":"info","message":"Connected to mongodb://localhost:27017/vidly_tests...","timestamp":"2018-08-19T10:28:34.283Z"}
{"level":"info","message":"Connected to mongodb://localhost:27017/vidly_tests...","timestamp":"2018-08-19T10:28:34.303Z"}
{"level":"info","message":"Listening on port 3000...","timestamp":"2018-08-19T10:29:35.872Z"}
{"level":"info","message":"Listening on port 3000...","timestamp":"2018-08-19T10:29:35.822Z"}
{"level":"info","message":"Connected to mongodb://localhost:27017/vidly_tests...","timestamp":"2018-08-19T10:29:36.929Z"}
{"level":"info","message":"Connected to mongodb://localhost:27017/vidly_tests...","timestamp":"2018-08-19T10:29:36.941Z"}
{"level":"info","message":"Listening on port 3000...","timestamp":"2018-08-19T10:30:16.778Z"}
{"level":"info","message":"Connected to mongodb://localhost:27017/vidly_tests...","timestamp":"2018-08-19T10:30:17.815Z"}
{"level":"info","message":"Listening on port 3000...","timestamp":"2018-08-19T10:30:35.097Z"}
{"level":"info","message":"Listening on port 3000...","timestamp":"2018-08-19T10:30:35.122Z"}
{"level":"info","message":"Connected to mongodb://localhost:27017/vidly_tests...","timestamp":"2018-08-19T10:30:36.120Z"}
{"level":"info","message":"Connected to mongodb://localhost:27017/vidly_tests...","timestamp":"2018-08-19T10:30:36.162Z"}
{"level":"info","message":"Listening on port 3000...","timestamp":"2018-08-19T10:31:18.006Z"}
{"level":"info","message":"Listening on port 3000...","timestamp":"2018-08-19T10:31:18.664Z"}
{"level":"info","message":"Connected to mongodb://localhost:27017/vidly_tests...","timestamp":"2018-08-19T10:31:19.036Z"}
{"level":"info","message":"Connected to mongodb://localhost:27017/vidly_tests...","timestamp":"2018-08-19T10:31:19.715Z"}
{"level":"info","message":"Listening on port 3000...","timestamp":"2018-08-19T10:33:20.264Z"}
{"level":"info","message":"Listening on port 3000...","timestamp":"2018-08-19T10:33:20.776Z"}
{"level":"info","message":"Connected to mongodb://localhost:27017/vidly_tests...","timestamp":"2018-08-19T10:33:21.288Z"}
{"level":"info","message":"Connected to mongodb://localhost:27017/vidly_tests...","timestamp":"2018-08-19T10:33:21.815Z"}
{"level":"info","message":"Listening on port 3000...","timestamp":"2018-08-19T10:37:46.653Z"}
{"level":"info","message":"Listening on port 3000...","timestamp":"2018-08-19T10:37:47.086Z"}
{"level":"info","message":"Connected to mongodb://localhost:27017/vidly_tests...","timestamp":"2018-08-19T10:37:47.675Z"}
{"level":"info","message":"Connected to mongodb://localhost:27017/vidly_tests...","timestamp":"2018-08-19T10:37:48.122Z"}
{"level":"info","message":"Listening on port 3000...","timestamp":"2018-08-19T10:40:14.042Z"}
{"level":"info","message":"Listening on port 3000...","timestamp":"2018-08-19T10:40:14.100Z"}
{"level":"info","message":"Connected to mongodb://localhost:27017/vidly_tests...","timestamp":"2018-08-19T10:40:15.072Z"}
{"level":"info","message":"Connected to mongodb://localhost:27017/vidly_tests...","timestamp":"2018-08-19T10:40:15.203Z"}
{"level":"info","message":"Listening on port 3000...","timestamp":"2018-08-19T10:42:20.484Z"}
{"level":"info","message":"Listening on port 3000...","timestamp":"2018-08-19T10:42:20.544Z"}
{"level":"info","message":"Connected to mongodb://localhost:27017/vidly_tests...","timestamp":"2018-08-19T10:42:21.515Z"}
{"level":"info","message":"Connected to mongodb://localhost:27017/vidly_tests...","timestamp":"2018-08-19T10:42:21.601Z"}
{"level":"info","message":"Listening on port 3000...","timestamp":"2018-08-19T10:43:05.245Z"}
{"level":"info","message":"Listening on port 3000...","timestamp":"2018-08-19T10:43:05.284Z"}
{"level":"info","message":"Connected to mongodb://localhost:27017/vidly_tests...","timestamp":"2018-08-19T10:43:06.275Z"}
{"level":"info","message":"Connected to mongodb://localhost:27017/vidly_tests...","timestamp":"2018-08-19T10:43:06.345Z"}
{"level":"info","message":"Listening on port 3000...","timestamp":"2018-08-19T10:43:24.400Z"}
{"level":"info","message":"Listening on port 3000...","timestamp":"2018-08-19T10:43:24.426Z"}
{"level":"info","message":"Connected to mongodb://localhost:27017/vidly_tests...","timestamp":"2018-08-19T10:43:25.423Z"}
{"level":"info","message":"Connected to mongodb://localhost:27017/vidly_tests...","timestamp":"2018-08-19T10:43:25.470Z"}
{"level":"info","message":"Listening on port 3000...","timestamp":"2018-08-19T10:44:30.108Z"}
{"level":"info","message":"Listening on port 3000...","timestamp":"2018-08-19T10:44:30.137Z"}
{"level":"info","message":"Connected to mongodb://localhost:27017/vidly_tests...","timestamp":"2018-08-19T10:44:31.144Z"}
{"level":"info","message":"Connected to mongodb://localhost:27017/vidly_tests...","timestamp":"2018-08-19T10:44:31.198Z"}
{"level":"info","message":"Listening on port 3000...","timestamp":"2018-08-19T10:44:51.256Z"}
{"level":"info","message":"Listening on port 3000...","timestamp":"2018-08-19T10:44:51.174Z"}
{"level":"info","message":"Connected to mongodb://localhost:27017/vidly_tests...","timestamp":"2018-08-19T10:44:52.348Z"}
{"level":"info","message":"Connected to mongodb://localhost:27017/vidly_tests...","timestamp":"2018-08-19T10:44:52.507Z"}
{"level":"info","message":"Listening on port 3000...","timestamp":"2018-08-19T10:45:25.243Z"}
{"level":"info","message":"Listening on port 3000...","timestamp":"2018-08-19T10:45:25.267Z"}
{"level":"info","message":"Listening on port 3000...","timestamp":"2018-08-19T10:48:41.695Z"}
{"level":"info","message":"Listening on port 3000...","timestamp":"2018-08-19T10:48:41.678Z"}
{"level":"info","message":"Listening on port 3000...","timestamp":"2018-08-19T10:50:27.565Z"}
{"level":"info","message":"Listening on port 3000...","timestamp":"2018-08-19T10:50:27.576Z"}
{"level":"info","message":"Connected to mongodb://localhost:27017/vidly_tests...","timestamp":"2018-08-19T10:50:28.593Z"}
{"level":"info","message":"Connected to mongodb://localhost:27017/vidly_tests...","timestamp":"2018-08-19T10:50:28.625Z"}
{"level":"info","message":"Listening on port 3000...","timestamp":"2018-08-19T10:51:02.145Z"}
{"level":"info","message":"Listening on port 3000...","timestamp":"2018-08-19T10:51:02.255Z"}
{"level":"info","message":"Connected to mongodb://localhost:27017/vidly_tests...","timestamp":"2018-08-19T10:51:03.181Z"}
{"level":"info","message":"Connected to mongodb://localhost:27017/vidly_tests...","timestamp":"2018-08-19T10:51:03.372Z"}
{"level":"info","message":"Listening on port 3000...","timestamp":"2018-08-19T10:52:32.843Z"}
{"level":"info","message":"Listening on port 3000...","timestamp":"2018-08-19T10:52:32.877Z"}
{"level":"info","message":"Connected to mongodb://localhost:27017/vidly_tests...","timestamp":"2018-08-19T10:52:33.873Z"}
{"level":"info","message":"Connected to mongodb://localhost:27017/vidly_tests...","timestamp":"2018-08-19T10:52:33.923Z"}
{"level":"info","message":"Listening on port 3000...","timestamp":"2018-08-19T10:54:04.550Z"}
{"level":"info","message":"Listening on port 3000...","timestamp":"2018-08-19T10:54:04.928Z"}
{"level":"info","message":"Connected to mongodb://localhost:27017/vidly_tests...","timestamp":"2018-08-19T10:54:05.580Z"}
{"level":"info","message":"Connected to mongodb://localhost:27017/vidly_tests...","timestamp":"2018-08-19T10:54:05.971Z"}
{"level":"info","message":"Listening on port 3000...","timestamp":"2018-08-19T10:54:47.720Z"}
{"level":"info","message":"Listening on port 3000...","timestamp":"2018-08-19T10:54:48.272Z"}
{"level":"info","message":"Connected to mongodb://localhost:27017/vidly_tests...","timestamp":"2018-08-19T10:54:48.747Z"}
{"level":"info","message":"Connected to mongodb://localhost:27017/vidly_tests...","timestamp":"2018-08-19T10:54:49.320Z"}
{"level":"info","message":"Listening on port 3000...","timestamp":"2018-08-19T10:55:15.327Z"}
{"level":"info","message":"Listening on port 3000...","timestamp":"2018-08-19T10:55:25.239Z"}
{"level":"info","message":"Listening on port 3000...","timestamp":"2018-08-19T10:55:25.781Z"}
{"level":"info","message":"Connected to mongodb://localhost:27017/vidly_tests...","timestamp":"2018-08-19T10:55:26.277Z"}
{"level":"info","message":"Connected to mongodb://localhost:27017/vidly_tests...","timestamp":"2018-08-19T10:55:26.827Z"}
{"level":"info","message":"Listening on port 3000...","timestamp":"2018-08-19T10:57:37.476Z"}
{"level":"info","message":"Listening on port 3000...","timestamp":"2018-08-19T10:57:38.017Z"}
{"level":"info","message":"Connected to mongodb://localhost:27017/vidly_tests...","timestamp":"2018-08-19T10:57:38.515Z"}
{"level":"info","message":"Connected to mongodb://localhost:27017/vidly_tests...","timestamp":"2018-08-19T10:57:39.068Z"}
{"level":"info","message":"Listening on port 3000...","timestamp":"2018-08-19T10:59:00.980Z"}
{"level":"info","message":"Listening on port 3000...","timestamp":"2018-08-19T10:59:01.010Z"}
{"level":"info","message":"Connected to mongodb://localhost:27017/vidly_tests...","timestamp":"2018-08-19T10:59:02.007Z"}
{"level":"info","message":"Connected to mongodb://localhost:27017/vidly_tests...","timestamp":"2018-08-19T10:59:02.067Z"}
{"level":"info","message":"Listening on port 3000...","timestamp":"2018-08-19T10:59:21.150Z"}
{"level":"info","message":"Listening on port 3000...","timestamp":"2018-08-19T10:59:21.182Z"}
{"level":"info","message":"Connected to mongodb://localhost:27017/vidly_tests...","timestamp":"2018-08-19T10:59:22.185Z"}
{"level":"info","message":"Connected to mongodb://localhost:27017/vidly_tests...","timestamp":"2018-08-19T10:59:22.249Z"}
{"level":"info","message":"Listening on port 3000...","timestamp":"2018-08-19T11:01:02.126Z"}
{"level":"info","message":"Listening on port 3000...","timestamp":"2018-08-19T11:01:02.143Z"}
{"level":"info","message":"Connected to mongodb://localhost:27017/vidly_tests...","timestamp":"2018-08-19T11:01:03.158Z"}
{"level":"info","message":"Connected to mongodb://localhost:27017/vidly_tests...","timestamp":"2018-08-19T11:01:03.202Z"}
{"level":"info","message":"Listening on port 3000...","timestamp":"2018-08-19T11:01:32.352Z"}
{"level":"info","message":"Listening on port 3000...","timestamp":"2018-08-19T11:01:32.371Z"}
{"level":"info","message":"Listening on port 3000...","timestamp":"2018-08-19T11:03:51.083Z"}
{"level":"info","message":"Listening on port 3000...","timestamp":"2018-08-19T11:03:51.064Z"}
{"level":"info","message":"Listening on port 3000...","timestamp":"2018-08-19T11:05:22.047Z"}
{"level":"info","message":"Listening on port 3000...","timestamp":"2018-08-19T11:05:22.052Z"}
{"level":"info","message":"Connected to mongodb://localhost:27017/vidly_tests...","timestamp":"2018-08-19T11:05:23.079Z"}
{"level":"info","message":"Connected to mongodb://localhost:27017/vidly_tests...","timestamp":"2018-08-19T11:05:23.107Z"}
{"level":"info","message":"Listening on port 3000...","timestamp":"2018-08-19T11:06:02.717Z"}
{"level":"info","message":"Listening on port 3000...","timestamp":"2018-08-19T11:06:03.402Z"}
{"level":"info","message":"Connected to mongodb://localhost:27017/vidly_tests...","timestamp":"2018-08-19T11:06:03.827Z"}
{"level":"info","message":"Connected to mongodb://localhost:27017/vidly_tests...","timestamp":"2018-08-19T11:06:04.449Z"}
{"level":"info","message":"Listening on port 3000...","timestamp":"2018-08-19T11:07:18.674Z"}
{"level":"info","message":"Listening on port 3000...","timestamp":"2018-08-19T11:07:18.721Z"}
{"level":"info","message":"Connected to mongodb://localhost:27017/vidly_tests...","timestamp":"2018-08-19T11:07:19.707Z"}
{"level":"info","message":"Connected to mongodb://localhost:27017/vidly_tests...","timestamp":"2018-08-19T11:07:19.776Z"}
{"level":"info","message":"Listening on port 3000...","timestamp":"2018-08-19T11:08:10.128Z"}
{"level":"info","message":"Listening on port 3000...","timestamp":"2018-08-19T11:08:10.537Z"}
{"level":"info","message":"Connected to mongodb://localhost:27017/vidly_tests...","timestamp":"2018-08-19T11:08:11.155Z"}
{"level":"info","message":"Connected to mongodb://localhost:27017/vidly_tests...","timestamp":"2018-08-19T11:08:11.580Z"}
{"level":"info","message":"Listening on port 3000...","timestamp":"2018-08-19T11:08:40.290Z"}
{"level":"info","message":"Listening on port 3000...","timestamp":"2018-08-19T11:08:41.049Z"}
{"level":"info","message":"Connected to mongodb://localhost:27017/vidly_tests...","timestamp":"2018-08-19T11:08:41.322Z"}
{"level":"info","message":"Connected to mongodb://localhost:27017/vidly_tests...","timestamp":"2018-08-19T11:08:42.090Z"}
{"level":"info","message":"Listening on port 3000...","timestamp":"2018-08-19T11:09:48.352Z"}
{"level":"info","message":"Listening on port 3000...","timestamp":"2018-08-19T11:09:48.400Z"}
{"level":"info","message":"Connected to mongodb://localhost:27017/vidly_tests...","timestamp":"2018-08-19T11:09:49.471Z"}
{"level":"info","message":"Connected to mongodb://localhost:27017/vidly_tests...","timestamp":"2018-08-19T11:09:49.554Z"}
{"level":"info","message":"Connected to mongodb://localhost:27017/vidly_tests...","timestamp":"2018-08-19T11:10:29.742Z"}
{"level":"info","message":"Connected to mongodb://localhost:27017/vidly_tests...","timestamp":"2018-08-19T11:10:29.788Z"}
{"level":"info","message":"Connected to mongodb://localhost:27017/vidly_tests...","timestamp":"2018-08-19T11:10:47.390Z"}
{"level":"info","message":"Connected to mongodb://localhost:27017/vidly_tests...","timestamp":"2018-08-19T11:10:47.424Z"}
{"level":"info","message":"Connected to mongodb://localhost:27017/vidly_tests...","timestamp":"2018-08-19T11:11:47.805Z"}
{"level":"info","message":"Connected to mongodb://localhost:27017/vidly_tests...","timestamp":"2018-08-19T11:11:47.847Z"}
{"level":"info","message":"Connected to mongodb://localhost:27017/vidly_tests...","timestamp":"2018-08-19T11:12:37.937Z"}
{"level":"info","message":"Connected to mongodb://localhost:27017/vidly_tests...","timestamp":"2018-08-19T11:12:37.966Z"}
{"level":"info","message":"Connected to mongodb://localhost:27017/vidly_tests...","timestamp":"2018-08-19T11:12:53.783Z"}
{"level":"info","message":"Connected to mongodb://localhost:27017/vidly_tests...","timestamp":"2018-08-19T11:12:53.815Z"}
{"level":"info","message":"Connected to mongodb://localhost:27017/vidly_tests...","timestamp":"2018-08-19T11:14:33.239Z"}
{"level":"info","message":"Connected to mongodb://localhost:27017/vidly_tests...","timestamp":"2018-08-19T11:14:33.606Z"}
{"level":"info","message":"Listening on port 3000...","timestamp":"2018-08-19T11:52:51.608Z"}
{"level":"info","message":"Listening on port 3000...","timestamp":"2018-08-19T11:53:44.568Z"}
{"level":"info","message":"Listening on port 3000...","timestamp":"2018-08-19T11:54:56.734Z"}
{"level":"info","message":"Listening on port 3000...","timestamp":"2018-08-19T11:55:59.716Z"}
{"level":"info","message":"Listening on port 3000...","timestamp":"2018-08-19T11:56:09.561Z"}
{"level":"info","message":"Listening on port 3000...","timestamp":"2018-08-19T11:56:39.709Z"}
{"level":"info","message":"Listening on port 3000...","timestamp":"2018-08-19T11:59:39.638Z"}
{"level":"info","message":"Listening on port 3000...","timestamp":"2018-08-19T12:00:34.288Z"}
{"level":"info","message":"Connected to mongodb://localhost:27017/vidly...","timestamp":"2018-08-19T12:00:44.532Z"}
{"level":"info","message":"Listening on port 3000...","timestamp":"2018-08-19T12:01:05.593Z"}
{"level":"info","message":"Connected to mongodb://localhost:27017/vidly...","timestamp":"2018-08-19T12:01:06.622Z"}
{"level":"info","message":"Listening on port 3000...","timestamp":"2018-08-19T12:03:59.933Z"}
{"level":"info","message":"Listening on port 3000...","timestamp":"2018-08-19T12:04:49.821Z"}
{"level":"info","message":"Connected to mongodb://localhost:27017/vidly_tests...","timestamp":"2018-08-19T12:04:50.847Z"}
{"level":"info","message":"Listening on port 3000...","timestamp":"2018-08-19T12:05:59.990Z"}
{"level":"info","message":"Connected to mongodb://localhost:27017/vidly_tests...","timestamp":"2018-08-19T12:06:01.017Z"}
{"level":"info","message":"Listening on port 3000...","timestamp":"2018-08-19T12:06:19.579Z"}
{"level":"info","message":"Connected to mongodb://localhost:27017/vidly_tests...","timestamp":"2018-08-19T12:06:20.611Z"}
{"level":"info","message":"Listening on port 3000...","timestamp":"2018-08-19T12:06:35.600Z"}
{"level":"info","message":"Listening on port 3000...","timestamp":"2018-08-19T12:06:35.616Z"}
{"level":"info","message":"Connected to mongodb://localhost:27017/vidly_tests...","timestamp":"2018-08-19T12:06:36.630Z"}
{"level":"info","message":"Connected to mongodb://localhost:27017/vidly_tests...","timestamp":"2018-08-19T12:06:36.660Z"}
{"level":"info","message":"Listening on port 3000...","timestamp":"2018-08-19T12:07:03.919Z"}
{"level":"info","message":"Listening on port 3000...","timestamp":"2018-08-19T12:07:03.934Z"}
{"level":"info","message":"Connected to mongodb://localhost:27017/vidly_tests...","timestamp":"2018-08-19T12:07:04.945Z"}
{"level":"info","message":"Connected to mongodb://localhost:27017/vidly_tests...","timestamp":"2018-08-19T12:07:04.985Z"}
{"level":"info","message":"Listening on port 3000...","timestamp":"2018-08-19T12:07:31.355Z"}
{"level":"info","message":"Connected to mongodb://localhost:27017/vidly_tests...","timestamp":"2018-08-19T12:07:32.393Z"}
{"level":"info","message":"Listening on port 3000...","timestamp":"2018-08-19T12:08:05.280Z"}
{"level":"info","message":"Listening on port 3000...","timestamp":"2018-08-19T12:08:05.420Z"}
{"level":"info","message":"Connected to mongodb://localhost:27017/vidly_tests...","timestamp":"2018-08-19T12:08:06.318Z"}
{"level":"info","message":"Connected to mongodb://localhost:27017/vidly_tests...","timestamp":"2018-08-19T12:08:06.494Z"}
{"level":"info","message":"Listening on port 3000...","timestamp":"2018-08-19T12:08:14.734Z"}
{"level":"info","message":"Listening on port 3000...","timestamp":"2018-08-19T12:08:15.342Z"}
{"level":"info","message":"Connected to mongodb://localhost:27017/vidly_tests...","timestamp":"2018-08-19T12:08:16.016Z"}
{"level":"info","message":"Connected to mongodb://localhost:27017/vidly_tests...","timestamp":"2018-08-19T12:08:16.553Z"}
{"level":"info","message":"Listening on port 3000...","timestamp":"2018-08-19T12:08:24.484Z"}
{"level":"info","message":"Listening on port 3000...","timestamp":"2018-08-19T12:08:24.866Z"}
{"level":"info","message":"Connected to mongodb://localhost:27017/vidly_tests...","timestamp":"2018-08-19T12:08:25.515Z"}
{"level":"info","message":"Connected to mongodb://localhost:27017/vidly_tests...","timestamp":"2018-08-19T12:08:25.895Z"}
{"level":"info","message":"Listening on port 3000...","timestamp":"2018-08-19T12:09:48.163Z"}
{"level":"info","message":"Listening on port 3000...","timestamp":"2018-08-19T12:09:48.304Z"}
{"level":"info","message":"Connected to mongodb://localhost:27017/vidly_tests...","timestamp":"2018-08-19T12:09:49.283Z"}
{"level":"info","message":"Connected to mongodb://localhost:27017/vidly_tests...","timestamp":"2018-08-19T12:09:49.433Z"}
{"level":"info","message":"Listening on port 3000...","timestamp":"2018-08-19T12:11:09.030Z"}
{"level":"info","message":"Listening on port 3000...","timestamp":"2018-08-19T12:11:09.624Z"}
{"level":"info","message":"Connected to mongodb://localhost:27017/vidly_tests...","timestamp":"2018-08-19T12:11:10.064Z"}
{"level":"info","message":"Connected to mongodb://localhost:27017/vidly_tests...","timestamp":"2018-08-19T12:11:10.660Z"}
{"level":"info","message":"Listening on port 3000...","timestamp":"2018-08-19T12:14:12.004Z"}
{"level":"info","message":"Listening on port 3000...","timestamp":"2018-08-19T12:14:12.507Z"}
{"level":"info","message":"Connected to mongodb://localhost:27017/vidly_tests...","timestamp":"2018-08-19T12:14:13.031Z"}
{"level":"info","message":"Connected to mongodb://localhost:27017/vidly_tests...","timestamp":"2018-08-19T12:14:13.537Z"}
{"level":"info","message":"Listening on port 3000...","timestamp":"2018-08-19T12:14:32.846Z"}
{"level":"info","message":"Listening on port 3000...","timestamp":"2018-08-19T12:14:32.841Z"}
{"level":"info","message":"Connected to mongodb://localhost:27017/vidly_tests...","timestamp":"2018-08-19T12:14:33.865Z"}
{"level":"info","message":"Connected to mongodb://localhost:27017/vidly_tests...","timestamp":"2018-08-19T12:14:33.893Z"}
{"level":"info","message":"Listening on port 3000...","timestamp":"2018-08-19T12:15:05.609Z"}
{"level":"info","message":"Listening on port 3000...","timestamp":"2018-08-19T12:15:06.397Z"}
{"level":"info","message":"Connected to mongodb://localhost:27017/vidly_tests...","timestamp":"2018-08-19T12:15:06.645Z"}
{"level":"info","message":"Connected to mongodb://localhost:27017/vidly_tests...","timestamp":"2018-08-19T12:15:07.454Z"}
{"level":"info","message":"Listening on port 3000...","timestamp":"2018-08-19T12:15:55.367Z"}
{"level":"info","message":"Connected to mongodb://localhost:27017/vidly_tests...","timestamp":"2018-08-19T12:15:56.504Z"}
{"level":"info","message":"Listening on port 3000...","timestamp":"2018-08-19T12:15:57.054Z"}
{"level":"info","message":"Connected to mongodb://localhost:27017/vidly_tests...","timestamp":"2018-08-19T12:15:58.106Z"}
{"level":"info","message":"Listening on port 3000...","timestamp":"2018-08-19T12:16:34.792Z"}
{"level":"info","message":"Connected to mongodb://localhost:27017/vidly_tests...","timestamp":"2018-08-19T12:16:35.821Z"}
{"level":"info","message":"Listening on port 3000...","timestamp":"2018-08-19T12:17:04.572Z"}
{"level":"info","message":"Connected to mongodb://localhost:27017/vidly_tests...","timestamp":"2018-08-19T12:17:05.618Z"}
{"level":"info","message":"Listening on port 3000...","timestamp":"2018-08-19T12:18:21.471Z"}
{"level":"info","message":"Connected to mongodb://localhost:27017/vidly_tests...","timestamp":"2018-08-19T12:18:22.523Z"}
{"level":"info","message":"Listening on port 3000...","timestamp":"2018-08-19T12:18:43.590Z"}
{"level":"info","message":"Connected to mongodb://localhost:27017/vidly_tests...","timestamp":"2018-08-19T12:18:44.617Z"}
{"level":"info","message":"Listening on port 3000...","timestamp":"2018-08-19T12:19:14.832Z"}
{"level":"info","message":"Connected to mongodb://localhost:27017/vidly_tests...","timestamp":"2018-08-19T12:19:15.864Z"}
{"level":"info","message":"Listening on port 3000...","timestamp":"2018-08-19T12:20:17.546Z"}
{"level":"info","message":"Connected to mongodb://localhost:27017/vidly_tests...","timestamp":"2018-08-19T12:20:18.587Z"}
{"level":"info","message":"Listening on port 3000...","timestamp":"2018-08-19T12:20:58.030Z"}
{"level":"info","message":"Connected to mongodb://localhost:27017/vidly_tests...","timestamp":"2018-08-19T12:20:59.072Z"}
{"level":"info","message":"Listening on port 3000...","timestamp":"2018-08-19T12:21:09.157Z"}
{"level":"info","message":"Connected to mongodb://localhost:27017/vidly_tests...","timestamp":"2018-08-19T12:21:10.261Z"}
{"level":"info","message":"Listening on port 3000...","timestamp":"2018-08-19T12:21:30.455Z"}
{"level":"info","message":"Connected to mongodb://localhost:27017/vidly_tests...","timestamp":"2018-08-19T12:21:31.483Z"}
{"level":"info","message":"Listening on port 3000...","timestamp":"2018-08-19T12:22:01.669Z"}
{"level":"info","message":"Connected to mongodb://localhost:27017/vidly_tests...","timestamp":"2018-08-19T12:22:02.711Z"}
{"level":"info","message":"Listening on port 3000...","timestamp":"2018-08-19T12:23:00.447Z"}
{"level":"info","message":"Connected to mongodb://localhost:27017/vidly_tests...","timestamp":"2018-08-19T12:23:01.497Z"}
{"level":"info","message":"Listening on port 3000...","timestamp":"2018-08-19T12:23:28.135Z"}
{"level":"info","message":"Connected to mongodb://localhost:27017/vidly_tests...","timestamp":"2018-08-19T12:23:29.162Z"}
{"level":"info","message":"Listening on port 3000...","timestamp":"2018-08-19T12:23:38.075Z"}
{"level":"info","message":"Connected to mongodb://localhost:27017/vidly_tests...","timestamp":"2018-08-19T12:23:39.102Z"}
{"level":"info","message":"Listening on port 3000...","timestamp":"2018-08-19T12:23:49.606Z"}
{"level":"info","message":"Connected to mongodb://localhost:27017/vidly_tests...","timestamp":"2018-08-19T12:23:50.636Z"}
{"level":"info","message":"Listening on port 3000...","timestamp":"2018-08-19T12:26:09.514Z"}
{"level":"info","message":"Connected to mongodb://localhost:27017/vidly_tests...","timestamp":"2018-08-19T12:26:10.561Z"}
{"level":"info","message":"Listening on port 3000...","timestamp":"2018-08-19T12:27:05.993Z"}
{"level":"info","message":"Connected to mongodb://localhost:27017/vidly_tests...","timestamp":"2018-08-19T12:27:07.036Z"}
{"level":"info","message":"Listening on port 3000...","timestamp":"2018-08-19T12:32:12.194Z"}
{"level":"info","message":"Connected to mongodb://localhost:27017/vidly_tests...","timestamp":"2018-08-19T12:32:13.229Z"}
{"level":"info","message":"Listening on port 3000...","timestamp":"2018-08-19T12:32:46.325Z"}
{"level":"info","message":"Connected to mongodb://localhost:27017/vidly_tests...","timestamp":"2018-08-19T12:32:47.350Z"}
{"level":"info","message":"Listening on port 3000...","timestamp":"2018-08-19T12:32:58.766Z"}
{"level":"info","message":"Connected to mongodb://localhost:27017/vidly_tests...","timestamp":"2018-08-19T12:32:59.797Z"}
{"level":"info","message":"Listening on port 3000...","timestamp":"2018-08-20T05:53:56.167Z"}
{"level":"info","message":"Listening on port 3000...","timestamp":"2018-08-20T05:55:00.853Z"}
{"level":"info","message":"Connected to mongodb://localhost:27017/vidly_tests...","timestamp":"2018-08-20T05:55:01.969Z"}
{"level":"info","message":"Listening on port 3000...","timestamp":"2018-08-20T05:56:40.421Z"}
{"level":"info","message":"Connected to mongodb://localhost:27017/vidly_tests...","timestamp":"2018-08-20T05:56:41.448Z"}
{"level":"info","message":"Listening on port 3000...","timestamp":"2018-08-20T06:00:04.144Z"}
{"level":"info","message":"Connected to mongodb://localhost:27017/vidly_tests...","timestamp":"2018-08-20T06:00:05.187Z"}
{"level":"info","message":"Listening on port 3000...","timestamp":"2018-08-20T06:00:48.148Z"}
{"level":"info","message":"Connected to mongodb://localhost:27017/vidly_tests...","timestamp":"2018-08-20T06:00:49.180Z"}
{"level":"info","message":"Listening on port 3000...","timestamp":"2018-08-20T06:01:07.628Z"}
{"level":"info","message":"Connected to mongodb://localhost:27017/vidly_tests...","timestamp":"2018-08-20T06:01:08.660Z"}
{"level":"info","message":"Listening on port 3000...","timestamp":"2018-08-20T06:04:18.828Z"}
{"level":"info","message":"Connected to mongodb://localhost:27017/vidly_tests...","timestamp":"2018-08-20T06:04:19.853Z"}
{"level":"info","message":"Listening on port 3000...","timestamp":"2018-08-20T06:05:13.350Z"}
{"level":"info","message":"Connected to mongodb://localhost:27017/vidly_tests...","timestamp":"2018-08-20T06:05:14.381Z"}
{"level":"info","message":"Listening on port 3000...","timestamp":"2018-08-20T06:05:27.301Z"}
{"level":"info","message":"Connected to mongodb://localhost:27017/vidly_tests...","timestamp":"2018-08-20T06:05:28.423Z"}
{"level":"info","message":"Listening on port 3000...","timestamp":"2018-08-20T06:07:17.610Z"}
{"level":"info","message":"Connected to mongodb://localhost:27017/vidly_tests...","timestamp":"2018-08-20T06:07:18.641Z"}
{"level":"info","message":"Listening on port 3000...","timestamp":"2018-08-20T06:07:50.235Z"}
{"level":"info","message":"Connected to mongodb://localhost:27017/vidly_tests...","timestamp":"2018-08-20T06:07:51.268Z"}
{"level":"info","message":"Listening on port 3000...","timestamp":"2018-08-20T06:08:39.441Z"}
{"level":"info","message":"Connected to mongodb://localhost:27017/vidly_tests...","timestamp":"2018-08-20T06:08:40.467Z"}
{"level":"info","message":"Listening on port 3000...","timestamp":"2018-08-20T06:09:18.314Z"}
{"level":"info","message":"Connected to mongodb://localhost:27017/vidly_tests...","timestamp":"2018-08-20T06:09:19.347Z"}
{"level":"info","message":"Listening on port 6000...","timestamp":"2018-08-21T10:58:22.864Z"}
{"level":"info","message":"Listening on port 3000...","timestamp":"2018-08-27T14:30:11.208Z"}
{"level":"info","message":"Listening on port 3000...","timestamp":"2018-08-27T14:30:21.656Z"}
{"level":"info","message":"Listening on port 3000...","timestamp":"2018-08-27T14:31:32.263Z"}
{"level":"info","message":"Connected to mongodb://localhost:27017/vidly...","timestamp":"2018-08-27T14:31:33.290Z"}
{"level":"info","message":"Listening on port 3000...","timestamp":"2018-08-27T14:31:41.844Z"}
{"level":"info","message":"Connected to mongodb://localhost:27017/vidly...","timestamp":"2018-08-27T14:31:42.883Z"}
